

Microchip MPLAB XC8 Assembler V2.40 build 20220703182018 
                                                                                               Fri Aug 30 11:47:42 2024

Microchip MPLAB XC8 C Compiler v2.40 (Free license) build 20220703182018 Og1 
     1                           	processor	18F4550
     2                           	fnconf	rparam,??,?,0
     3                           	pagewidth 120
     4                           	opt	flic
     5                           	psect	cinit,global,reloc=2,class=CODE,delta=1
     6                           	psect	cstackCOMRAM,global,class=COMRAM,space=1,delta=1,lowdata,noexec
     7                           	psect	text0,global,reloc=2,class=CODE,delta=1
     8                           	psect	text1,global,reloc=2,class=CODE,delta=1
     9                           	psect	intsave_regs,global,class=BIGRAM,space=1,delta=1,noexec
    10                           	psect	rparam,global,class=COMRAM,space=1,delta=1,noexec
    11                           	psect	idloc,global,abs,ovrld,class=IDLOC,space=5,delta=1,noexec
    12                           	psect	config,global,abs,ovrld,class=CONFIG,space=4,delta=1,noexec
    13   000000                     
    14                           ; Version 2.40
    15                           ; Generated 17/11/2021 GMT
    16                           ; 
    17                           ; Copyright © 2021, Microchip Technology Inc. and its subsidiaries ("Microchip")
    18                           ; All rights reserved.
    19                           ; 
    20                           ; This software is developed by Microchip Technology Inc. and its subsidiaries ("Microch
      +                          ip").
    21                           ; 
    22                           ; Redistribution and use in source and binary forms, with or without modification, are
    23                           ; permitted provided that the following conditions are met:
    24                           ; 
    25                           ;     1. Redistributions of source code must retain the above copyright notice, this lis
      +                          t of
    26                           ;        conditions and the following disclaimer.
    27                           ; 
    28                           ;     2. Redistributions in binary form must reproduce the above copyright notice, this 
      +                          list
    29                           ;        of conditions and the following disclaimer in the documentation and/or other
    30                           ;        materials provided with the distribution. Publication is not required when
    31                           ;        this file is used in an embedded application.
    32                           ; 
    33                           ;     3. Microchip's name may not be used to endorse or promote products derived from th
      +                          is
    34                           ;        software without specific prior written permission.
    35                           ; 
    36                           ; THIS SOFTWARE IS PROVIDED BY MICROCHIP "AS IS" AND ANY EXPRESS OR IMPLIED WARRANTIES,
    37                           ; INCLUDING, BUT NOT LIMITED TO, THE IMPLIED WARRANTIES OF MERCHANTABILITY AND FITNESS F
      +                          OR
    38                           ; PURPOSE ARE DISCLAIMED.  IN NO EVENT SHALL MICROCHIP BE LIABLE FOR ANY DIRECT, INDIREC
      +                          T,
    39                           ; INCIDENTAL, SPECIAL, EXEMPLARY, OR CONSEQUENTIAL DAMAGES (INCLUDING BUT NOT LIMITED TO
    40                           ; PROCUREMENT OF SUBSTITUTE GOODS OR SERVICES; LOSS OF USE, DATA OR PROFITS; OR BUSINESS
    41                           ; INTERRUPTION) HOWSOEVER CAUSED AND ON ANY THEORY OF LIABILITY, WHETHER IN CONTRACT, ST
      +                          RICT
    42                           ; LIABILITY, OR TORT (INCLUDING NEGLIGENCE OR OTHERWISE) ARISING IN ANY WAY OUT OF THE U
      +                          SE OF
    43                           ; THIS SOFTWARE, EVEN IF ADVISED OF THE POSSIBILITY OF SUCH DAMAGE.
    44                           ; 
    45                           ; 
    46                           ; Code-generator required, PIC18F4550 Definitions
    47                           ; 
    48                           ; SFR Addresses
    49   000000                     _LATBbits	set	3978
    50   000000                     _TRISB	set	3987
    51                           
    52                           ; #config settings
    53                           
    54                           	psect	cinit
    55   007F90                     __pcinit:
    56                           	callstack 0
    57   007F90                     start_initialization:
    58                           	callstack 0
    59   007F90                     __initialization:
    60                           	callstack 0
    61   007F90                     end_of_initialization:
    62                           	callstack 0
    63   007F90                     __end_of__initialization:
    64                           	callstack 0
    65   007F90  0100               	movlb	0
    66   007F92  EFCB  F03F         	goto	_main	;jump to C main() function
    67                           
    68                           	psect	cstackCOMRAM
    69   000001                     __pcstackCOMRAM:
    70                           	callstack 0
    71   000001                     atraso@i:
    72                           	callstack 0
    73                           
    74                           ; 2 bytes @ 0x0
    75   000001                     	ds	2
    76   000003                     atraso@j:
    77                           	callstack 0
    78                           
    79                           ; 2 bytes @ 0x2
    80   000003                     	ds	2
    81   000005                     
    82                           ; 1 bytes @ 0x4
    83 ;;
    84 ;;Main: autosize = 0, tempsize = 0, incstack = 0, save=0
    85 ;;
    86 ;; *************** function _main *****************
    87 ;; Defined at:
    88 ;;		line 25 in file "main.c"
    89 ;; Parameters:    Size  Location     Type
    90 ;;		None
    91 ;; Auto vars:     Size  Location     Type
    92 ;;		None
    93 ;; Return value:  Size  Location     Type
    94 ;;                  1    wreg      void 
    95 ;; Registers used:
    96 ;;		wreg, status,2, status,0, cstack
    97 ;; Tracked objects:
    98 ;;		On entry : 0/0
    99 ;;		On exit  : 0/0
   100 ;;		Unchanged: 0/0
   101 ;; Data sizes:     COMRAM   BANK0   BANK1   BANK2   BANK3   BANK4   BANK5   BANK6   BANK7
   102 ;;      Params:         0       0       0       0       0       0       0       0       0
   103 ;;      Locals:         0       0       0       0       0       0       0       0       0
   104 ;;      Temps:          0       0       0       0       0       0       0       0       0
   105 ;;      Totals:         0       0       0       0       0       0       0       0       0
   106 ;;Total ram usage:        0 bytes
   107 ;; Hardware stack levels required when called: 1
   108 ;; This function calls:
   109 ;;		_atraso
   110 ;; This function is called by:
   111 ;;		Startup code after reset
   112 ;; This function uses a non-reentrant model
   113 ;;
   114                           
   115                           	psect	text0
   116   007F96                     __ptext0:
   117                           	callstack 0
   118   007F96                     _main:
   119                           	callstack 30
   120   007F96  0E00               	movlw	0
   121   007F98  6E93               	movwf	147,c	;volatile
   122   007F9A                     l717:
   123   007F9A  808A               	bsf	138,0,c	;volatile
   124   007F9C  ECD7  F03F         	call	_atraso	;wreg free
   125   007FA0  908A               	bcf	138,0,c	;volatile
   126   007FA2  ECD7  F03F         	call	_atraso	;wreg free
   127   007FA6  EFCD  F03F         	goto	l717
   128   007FAA  EF00  F000         	goto	start
   129   007FAE                     __end_of_main:
   130                           	callstack 0
   131                           
   132 ;; *************** function _atraso *****************
   133 ;; Defined at:
   134 ;;		line 13 in file "main.c"
   135 ;; Parameters:    Size  Location     Type
   136 ;;		None
   137 ;; Auto vars:     Size  Location     Type
   138 ;;  j               2    2[COMRAM] int 
   139 ;;  i               2    0[COMRAM] int 
   140 ;; Return value:  Size  Location     Type
   141 ;;                  1    wreg      void 
   142 ;; Registers used:
   143 ;;		wreg, status,2, status,0
   144 ;; Tracked objects:
   145 ;;		On entry : 0/0
   146 ;;		On exit  : 0/0
   147 ;;		Unchanged: 0/0
   148 ;; Data sizes:     COMRAM   BANK0   BANK1   BANK2   BANK3   BANK4   BANK5   BANK6   BANK7
   149 ;;      Params:         0       0       0       0       0       0       0       0       0
   150 ;;      Locals:         4       0       0       0       0       0       0       0       0
   151 ;;      Temps:          0       0       0       0       0       0       0       0       0
   152 ;;      Totals:         4       0       0       0       0       0       0       0       0
   153 ;;Total ram usage:        4 bytes
   154 ;; Hardware stack levels used: 1
   155 ;; This function calls:
   156 ;;		Nothing
   157 ;; This function is called by:
   158 ;;		_main
   159 ;; This function uses a non-reentrant model
   160 ;;
   161                           
   162                           	psect	text1
   163   007FAE                     __ptext1:
   164                           	callstack 0
   165   007FAE                     _atraso:
   166                           	callstack 30
   167   007FAE                     
   168                           ;main.c: 15:     while(1);main.c: 16:     {
   169   007FAE  0E00               	movlw	0
   170   007FB0  6E02               	movwf	(atraso@i+1)^0,c
   171   007FB2  0E00               	movlw	0
   172   007FB4  6E01               	movwf	atraso@i^0,c
   173   007FB6                     l701:
   174                           
   175                           ;main.c: 17:         LATBbits.LATB0 = 1;;main.c: 18:         atraso();
   176   007FB6  0E00               	movlw	0
   177   007FB8  6E04               	movwf	(atraso@j+1)^0,c
   178   007FBA  0E00               	movlw	0
   179   007FBC  6E03               	movwf	atraso@j^0,c
   180   007FBE                     l707:
   181                           
   182                           ;main.c: 19:         LATBbits.LATB0 = 0;;main.c: 21:     }
   183   007FBE  4A03               	infsnz	atraso@j^0,f,c
   184   007FC0  2A04               	incf	(atraso@j+1)^0,f,c
   185   007FC2  BE04               	btfsc	(atraso@j+1)^0,7,c
   186   007FC4  EFED  F03F         	goto	u11
   187   007FC8  0E88               	movlw	136
   188   007FCA  5C03               	subwf	atraso@j^0,w,c
   189   007FCC  0E13               	movlw	19
   190   007FCE  5804               	subwfb	(atraso@j+1)^0,w,c
   191   007FD0  A0D8               	btfss	status,0,c
   192   007FD2  EFED  F03F         	goto	u11
   193   007FD6  EFEF  F03F         	goto	u10
   194   007FDA                     u11:
   195   007FDA  EFDF  F03F         	goto	l707
   196   007FDE                     u10:
   197   007FDE                     
   198                           ;main.c: 22: }
   199   007FDE  4A01               	infsnz	atraso@i^0,f,c
   200   007FE0  2A02               	incf	(atraso@i+1)^0,f,c
   201   007FE2  BE02               	btfsc	(atraso@i+1)^0,7,c
   202   007FE4  EFFD  F03F         	goto	u21
   203   007FE8  5002               	movf	(atraso@i+1)^0,w,c
   204   007FEA  E109               	bnz	u20
   205   007FEC  0E05               	movlw	5
   206   007FEE  5C01               	subwf	atraso@i^0,w,c
   207   007FF0  A0D8               	btfss	status,0,c
   208   007FF2  EFFD  F03F         	goto	u21
   209   007FF6  EFFF  F03F         	goto	u20
   210   007FFA                     u21:
   211   007FFA  EFDB  F03F         	goto	l701
   212   007FFE                     u20:
   213   007FFE  0012               	return		;funcret
   214   008000                     __end_of_atraso:
   215                           	callstack 0
   216   000000                     
   217                           	psect	rparam
   218   000000                     
   219                           	psect	idloc
   220                           
   221                           ;Config register IDLOC0 @ 0x200000
   222                           ;	unspecified, using default values
   223   200000                     	org	2097152
   224   200000  FF                 	db	255
   225                           
   226                           ;Config register IDLOC1 @ 0x200001
   227                           ;	unspecified, using default values
   228   200001                     	org	2097153
   229   200001  FF                 	db	255
   230                           
   231                           ;Config register IDLOC2 @ 0x200002
   232                           ;	unspecified, using default values
   233   200002                     	org	2097154
   234   200002  FF                 	db	255
   235                           
   236                           ;Config register IDLOC3 @ 0x200003
   237                           ;	unspecified, using default values
   238   200003                     	org	2097155
   239   200003  FF                 	db	255
   240                           
   241                           ;Config register IDLOC4 @ 0x200004
   242                           ;	unspecified, using default values
   243   200004                     	org	2097156
   244   200004  FF                 	db	255
   245                           
   246                           ;Config register IDLOC5 @ 0x200005
   247                           ;	unspecified, using default values
   248   200005                     	org	2097157
   249   200005  FF                 	db	255
   250                           
   251                           ;Config register IDLOC6 @ 0x200006
   252                           ;	unspecified, using default values
   253   200006                     	org	2097158
   254   200006  FF                 	db	255
   255                           
   256                           ;Config register IDLOC7 @ 0x200007
   257                           ;	unspecified, using default values
   258   200007                     	org	2097159
   259   200007  FF                 	db	255
   260                           
   261                           	psect	config
   262                           
   263                           ;Config register CONFIG1L @ 0x300000
   264                           ;	unspecified, using default values
   265                           ;	PLL Prescaler Selection bits
   266                           ;	PLLDIV = 0x0, unprogrammed default
   267                           ;	System Clock Postscaler Selection bits
   268                           ;	CPUDIV = 0x0, unprogrammed default
   269                           ;	USB Clock Selection bit (used in Full-Speed USB mode only; UCFG:FSEN = 1)
   270                           ;	USBDIV = 0x0, unprogrammed default
   271   300000                     	org	3145728
   272   300000  00                 	db	0
   273                           
   274                           ;Config register CONFIG1H @ 0x300001
   275                           ;	Oscillator Selection bits
   276                           ;	FOSC = INTOSCIO_EC, Internal oscillator, port function on RA6, EC used by USB (INTIO)
   277                           ;	Fail-Safe Clock Monitor Enable bit
   278                           ;	FCMEN = OFF, Fail-Safe Clock Monitor disabled
   279                           ;	Internal/External Oscillator Switchover bit
   280                           ;	IESO = 0x0, unprogrammed default
   281   300001                     	org	3145729
   282   300001  08                 	db	8
   283                           
   284                           ;Config register CONFIG2L @ 0x300002
   285                           ;	Power-up Timer Enable bit
   286                           ;	PWRT = ON, PWRT enabled
   287                           ;	Brown-out Reset Enable bits
   288                           ;	BOR = OFF, Brown-out Reset disabled in hardware and software
   289                           ;	Brown-out Reset Voltage bits
   290                           ;	BORV = 3, Minimum setting 2.05V
   291                           ;	USB Voltage Regulator Enable bit
   292                           ;	VREGEN = 0x0, unprogrammed default
   293   300002                     	org	3145730
   294   300002  18                 	db	24
   295                           
   296                           ;Config register CONFIG2H @ 0x300003
   297                           ;	Watchdog Timer Enable bit
   298                           ;	WDT = OFF, WDT disabled (control is placed on the SWDTEN bit)
   299                           ;	Watchdog Timer Postscale Select bits
   300                           ;	WDTPS = 0xF, unprogrammed default
   301   300003                     	org	3145731
   302   300003  1E                 	db	30
   303                           
   304                           ; Padding undefined space
   305   300004                     	org	3145732
   306   300004  FF                 	db	255
   307                           
   308                           ;Config register CONFIG3H @ 0x300005
   309                           ;	CCP2 MUX bit
   310                           ;	CCP2MX = ON, CCP2 input/output is multiplexed with RC1
   311                           ;	PORTB A/D Enable bit
   312                           ;	PBADEN = OFF, PORTB<4:0> pins are configured as digital I/O on Reset
   313                           ;	Low-Power Timer 1 Oscillator Enable bit
   314                           ;	LPT1OSC = 0x0, unprogrammed default
   315                           ;	MCLR Pin Enable bit
   316                           ;	MCLRE = ON, MCLR pin enabled; RE3 input pin disabled
   317   300005                     	org	3145733
   318   300005  81                 	db	129
   319                           
   320                           ;Config register CONFIG4L @ 0x300006
   321                           ;	Stack Full/Underflow Reset Enable bit
   322                           ;	STVREN = OFF, Stack full/underflow will not cause Reset
   323                           ;	Single-Supply ICSP Enable bit
   324                           ;	LVP = OFF, Single-Supply ICSP disabled
   325                           ;	Dedicated In-Circuit Debug/Programming Port (ICPORT) Enable bit
   326                           ;	ICPRT = ON, ICPORT enabled
   327                           ;	Extended Instruction Set Enable bit
   328                           ;	XINST = OFF, Instruction set extension and Indexed Addressing mode disabled (Legacy mo
      +                          de)
   329                           ;	Background Debugger Enable bit
   330                           ;	DEBUG = OFF, Background debugger disabled, RB6 and RB7 configured as general purpose I
      +                          /O pins
   331   300006                     	org	3145734
   332   300006  A0                 	db	160
   333                           
   334                           ; Padding undefined space
   335   300007                     	org	3145735
   336   300007  FF                 	db	255
   337                           
   338                           ;Config register CONFIG5L @ 0x300008
   339                           ;	unspecified, using default values
   340                           ;	Code Protection bit
   341                           ;	CP0 = 0x1, unprogrammed default
   342                           ;	Code Protection bit
   343                           ;	CP1 = 0x1, unprogrammed default
   344                           ;	Code Protection bit
   345                           ;	CP2 = 0x1, unprogrammed default
   346                           ;	Code Protection bit
   347                           ;	CP3 = 0x1, unprogrammed default
   348   300008                     	org	3145736
   349   300008  0F                 	db	15
   350                           
   351                           ;Config register CONFIG5H @ 0x300009
   352                           ;	Boot Block Code Protection bit
   353                           ;	CPB = OFF, Boot block (000000-0007FFh) is not code-protected
   354                           ;	Data EEPROM Code Protection bit
   355                           ;	CPD = OFF, Data EEPROM is not code-protected
   356   300009                     	org	3145737
   357   300009  C0                 	db	192
   358                           
   359                           ;Config register CONFIG6L @ 0x30000A
   360                           ;	unspecified, using default values
   361                           ;	Write Protection bit
   362                           ;	WRT0 = 0x1, unprogrammed default
   363                           ;	Write Protection bit
   364                           ;	WRT1 = 0x1, unprogrammed default
   365                           ;	Write Protection bit
   366                           ;	WRT2 = 0x1, unprogrammed default
   367                           ;	Write Protection bit
   368                           ;	WRT3 = 0x1, unprogrammed default
   369   30000A                     	org	3145738
   370   30000A  0F                 	db	15
   371                           
   372                           ;Config register CONFIG6H @ 0x30000B
   373                           ;	unspecified, using default values
   374                           ;	Configuration Register Write Protection bit
   375                           ;	WRTC = 0x1, unprogrammed default
   376                           ;	Boot Block Write Protection bit
   377                           ;	WRTB = 0x1, unprogrammed default
   378                           ;	Data EEPROM Write Protection bit
   379                           ;	WRTD = 0x1, unprogrammed default
   380   30000B                     	org	3145739
   381   30000B  E0                 	db	224
   382                           
   383                           ;Config register CONFIG7L @ 0x30000C
   384                           ;	unspecified, using default values
   385                           ;	Table Read Protection bit
   386                           ;	EBTR0 = 0x1, unprogrammed default
   387                           ;	Table Read Protection bit
   388                           ;	EBTR1 = 0x1, unprogrammed default
   389                           ;	Table Read Protection bit
   390                           ;	EBTR2 = 0x1, unprogrammed default
   391                           ;	Table Read Protection bit
   392                           ;	EBTR3 = 0x1, unprogrammed default
   393   30000C                     	org	3145740
   394   30000C  0F                 	db	15
   395                           
   396                           ;Config register CONFIG7H @ 0x30000D
   397                           ;	unspecified, using default values
   398                           ;	Boot Block Table Read Protection bit
   399                           ;	EBTRB = 0x1, unprogrammed default
   400   30000D                     	org	3145741
   401   30000D  40                 	db	64
   402                           tosu	equ	0xFFF
   403                           tosh	equ	0xFFE
   404                           tosl	equ	0xFFD
   405                           stkptr	equ	0xFFC
   406                           pclatu	equ	0xFFB
   407                           pclath	equ	0xFFA
   408                           pcl	equ	0xFF9
   409                           tblptru	equ	0xFF8
   410                           tblptrh	equ	0xFF7
   411                           tblptrl	equ	0xFF6
   412                           tablat	equ	0xFF5
   413                           prodh	equ	0xFF4
   414                           prodl	equ	0xFF3
   415                           indf0	equ	0xFEF
   416                           postinc0	equ	0xFEE
   417                           postdec0	equ	0xFED
   418                           preinc0	equ	0xFEC
   419                           plusw0	equ	0xFEB
   420                           fsr0h	equ	0xFEA
   421                           fsr0l	equ	0xFE9
   422                           wreg	equ	0xFE8
   423                           indf1	equ	0xFE7
   424                           postinc1	equ	0xFE6
   425                           postdec1	equ	0xFE5
   426                           preinc1	equ	0xFE4
   427                           plusw1	equ	0xFE3
   428                           fsr1h	equ	0xFE2
   429                           fsr1l	equ	0xFE1
   430                           bsr	equ	0xFE0
   431                           indf2	equ	0xFDF
   432                           postinc2	equ	0xFDE
   433                           postdec2	equ	0xFDD
   434                           preinc2	equ	0xFDC
   435                           plusw2	equ	0xFDB
   436                           fsr2h	equ	0xFDA
   437                           fsr2l	equ	0xFD9
   438                           status	equ	0xFD8

Data Sizes:
    Strings     0
    Constant    0
    Data        0
    BSS         0
    Persistent  0
    Stack       0

Auto Spaces:
    Space          Size  Autos    Used
    COMRAM           95      4       4
    BANK0           160      0       0
    BANK1           256      0       0
    BANK2           256      0       0
    BANK3           256      0       0
    BANK4           256      0       0
    BANK5           256      0       0
    BANK6           256      0       0
    BANK7           256      0       0

Pointer List with Targets:

    None.

Critical Paths under _main in COMRAM

    _main->_atraso

Critical Paths under _main in BANK0

    None.

Critical Paths under _main in BANK1

    None.

Critical Paths under _main in BANK2

    None.

Critical Paths under _main in BANK3

    None.

Critical Paths under _main in BANK4

    None.

Critical Paths under _main in BANK5

    None.

Critical Paths under _main in BANK6

    None.

Critical Paths under _main in BANK7

    None.

Call Graph Tables:

 ---------------------------------------------------------------------------------
 (Depth) Function   	        Calls       Base Space   Used Autos Params    Refs
 ---------------------------------------------------------------------------------
 (0) _main                                                 0     0      0      60
                             _atraso
 ---------------------------------------------------------------------------------
 (1) _atraso                                               4     4      0      60
                                              0 COMRAM     4     4      0
 ---------------------------------------------------------------------------------
 Estimated maximum stack depth 1
 ---------------------------------------------------------------------------------

 Call Graph Graphs:

 _main (ROOT)
   _atraso

 Address spaces:
Name               Size   Autos  Total    Cost      Usage
BITCOMRAM           5F      0       0       0        0.0%
EEDATA             100      0       0       0        0.0%
NULL                 0      0       0       0        0.0%
CODE                 0      0       0       0        0.0%
COMRAM              5F      4       4       1        4.2%
STACK                0      0       0       2        0.0%
DATA                 0      0       0       3        0.0%
BITBANK0            A0      0       0       4        0.0%
BANK0               A0      0       0       5        0.0%
BITBANK1           100      0       0       6        0.0%
BANK1              100      0       0       7        0.0%
BITBANK2           100      0       0       8        0.0%
BANK2              100      0       0       9        0.0%
BITBANK3           100      0       0      10        0.0%
BANK3              100      0       0      11        0.0%
BITBANK4           100      0       0      12        0.0%
BANK4              100      0       0      13        0.0%
BITBANK5           100      0       0      14        0.0%
BANK5              100      0       0      15        0.0%
BITBANK6           100      0       0      16        0.0%
BANK6              100      0       0      17        0.0%
ABS                  0      0       0      18        0.0%
BITBANK7           100      0       0      19        0.0%
BANK7              100      0       0      20        0.0%
BITBIGSFRh          6C      0       0      21        0.0%
BITBIGSFRlh          8      0       0      22        0.0%
BITBIGSFRll         2A      0       0      23        0.0%
BIGRAM             7FF      0       0      24        0.0%
BIGSFR               0      0       0     200        0.0%
BITSFR               0      0       0     200        0.0%
SFR                  0      0       0     200        0.0%


Microchip Technology PIC18 Macro Assembler V2.40 build 20220703182018 
Symbol Table                                                                                   Fri Aug 30 11:47:42 2024

                     l11 7FFE                       u10 7FDE                       u11 7FDA  
                     u20 7FFE                       u21 7FFA                      l701 7FB6  
                    l711 7FDE                      l713 7FE2                      l721 7FA0  
                    l707 7FBE                      l723 7FA2                      l715 7F96  
                    l709 7FC2                      l717 7F9A                      l719 7F9C  
                    l695 7FAE                     _main 7F96                     start 0000  
           ___param_bank 000000                    ?_main 0001                    _TRISB 000F93  
                  status 000FD8          __initialization 7F90             __end_of_main 7FAE  
                 ??_main 0005            __activetblptr 000000                   _atraso 7FAE  
                 isa$std 000001               __accesstop 0060  __end_of__initialization 7F90  
          ___rparam_used 000001           __pcstackCOMRAM 0001                  ?_atraso 0001  
                __Hparam 0000                  __Lparam 0000                  __pcinit 7F90  
                __ramtop 0800                  __ptext0 7F96                  __ptext1 7FAE  
                atraso@i 0001                  atraso@j 0003     end_of_initialization 7F90  
         __end_of_atraso 8000      start_initialization 7F90                 ??_atraso 0001  
               _LATBbits 000F8A                 __Hrparam 0000                 __Lrparam 0000  
               isa$xinst 000000  
