

Microchip MPLAB XC8 Assembler V2.36 build 20220127204148 
                                                                                               Fri Sep 20 12:07:55 2024

Microchip MPLAB XC8 C Compiler v2.36 (Free license) build 20220127204148 Og1 
     1                           	processor	18F4550
     2                           	fnconf	rparam,??,?,0
     3                           	pagewidth 120
     4                           	opt	flic
     5                           	psect	cinit,global,reloc=2,class=CODE,delta=1
     6                           	psect	bssCOMRAM,global,class=COMRAM,space=1,delta=1,lowdata,noexec
     7                           	psect	cstackCOMRAM,global,class=COMRAM,space=1,delta=1,lowdata,noexec
     8                           	psect	text0,global,reloc=2,class=CODE,delta=1
     9                           	psect	text1,global,reloc=2,class=CODE,delta=1
    10                           	psect	text2,global,reloc=2,class=CODE,delta=1
    11                           	psect	text3,global,reloc=2,class=CODE,delta=1
    12                           	psect	intcode,global,reloc=2,class=CODE,delta=1
    13                           	psect	intcode_body,global,reloc=2,class=CODE,delta=1
    14                           	psect	intsave_regs,global,class=BIGRAM,space=1,delta=1,noexec
    15                           	psect	rparam,global,class=COMRAM,space=1,delta=1,noexec
    16                           	psect	temp,global,ovrld,common,class=COMRAM,space=1,delta=1
    17                           	psect	idloc,global,abs,ovrld,class=IDLOC,space=5,delta=1,noexec
    18                           	psect	config,global,abs,ovrld,class=CONFIG,space=4,delta=1,noexec
    19  0000                     
    20                           ; Version 2.40
    21                           ; Generated 17/11/2021 GMT
    22                           ; 
    23                           ; Copyright © 2021, Microchip Technology Inc. and its subsidiaries ("Microchip")
    24                           ; All rights reserved.
    25                           ; 
    26                           ; This software is developed by Microchip Technology Inc. and its subsidiaries ("Microch
      +                          ip").
    27                           ; 
    28                           ; Redistribution and use in source and binary forms, with or without modification, are
    29                           ; permitted provided that the following conditions are met:
    30                           ; 
    31                           ;     1. Redistributions of source code must retain the above copyright notice, this lis
      +                          t of
    32                           ;        conditions and the following disclaimer.
    33                           ; 
    34                           ;     2. Redistributions in binary form must reproduce the above copyright notice, this 
      +                          list
    35                           ;        of conditions and the following disclaimer in the documentation and/or other
    36                           ;        materials provided with the distribution. Publication is not required when
    37                           ;        this file is used in an embedded application.
    38                           ; 
    39                           ;     3. Microchip's name may not be used to endorse or promote products derived from th
      +                          is
    40                           ;        software without specific prior written permission.
    41                           ; 
    42                           ; THIS SOFTWARE IS PROVIDED BY MICROCHIP "AS IS" AND ANY EXPRESS OR IMPLIED WARRANTIES,
    43                           ; INCLUDING, BUT NOT LIMITED TO, THE IMPLIED WARRANTIES OF MERCHANTABILITY AND FITNESS F
      +                          OR
    44                           ; PURPOSE ARE DISCLAIMED.  IN NO EVENT SHALL MICROCHIP BE LIABLE FOR ANY DIRECT, INDIREC
      +                          T,
    45                           ; INCIDENTAL, SPECIAL, EXEMPLARY, OR CONSEQUENTIAL DAMAGES (INCLUDING BUT NOT LIMITED TO
    46                           ; PROCUREMENT OF SUBSTITUTE GOODS OR SERVICES; LOSS OF USE, DATA OR PROFITS; OR BUSINESS
    47                           ; INTERRUPTION) HOWSOEVER CAUSED AND ON ANY THEORY OF LIABILITY, WHETHER IN CONTRACT, ST
      +                          RICT
    48                           ; LIABILITY, OR TORT (INCLUDING NEGLIGENCE OR OTHERWISE) ARISING IN ANY WAY OUT OF THE U
      +                          SE OF
    49                           ; THIS SOFTWARE, EVEN IF ADVISED OF THE POSSIBILITY OF SUCH DAMAGE.
    50                           ; 
    51                           ; 
    52                           ; Code-generator required, PIC18F4550 Definitions
    53                           ; 
    54                           ; SFR Addresses
    55  0000                     _T1CON	set	4045
    56  0000                     _TMR2	set	4044
    57  0000                     _PR2	set	4043
    58  0000                     _TMR1ON	set	32360
    59  0000                     _TMR1IF	set	31984
    60  0000                     _TMR1IE	set	31976
    61  0000                     _PEIE	set	32662
    62  0000                     _TMR2ON	set	32338
    63  0000                     _LATBbits	set	3978
    64  0000                     _TRISBbits	set	3987
    65  0000                     _OSCCON	set	4051
    66  0000                     _GIE	set	32663
    67  0000                     _PIE1bits	set	3997
    68  0000                     _PIR1bits	set	3998
    69  0000                     _TMR1	set	4046
    70  0000                     _T2CON	set	4042
    71                           
    72                           ; #config settings
    73                           
    74                           	psect	cinit
    75  000156                     __pcinit:
    76                           	callstack 0
    77  000156                     start_initialization:
    78                           	callstack 0
    79  000156                     __initialization:
    80                           	callstack 0
    81                           
    82                           ; Clear objects allocated to COMRAM (2 bytes)
    83  000156  6A07               	clrf	(__pbssCOMRAM+1)& (0+255),c
    84  000158  6A06               	clrf	__pbssCOMRAM& (0+255),c
    85  00015A                     end_of_initialization:
    86                           	callstack 0
    87  00015A                     __end_of__initialization:
    88                           	callstack 0
    89  00015A  9008               	bcf	int$flags,0,c	;clear compiler interrupt flag (level 1)
    90  00015C  9208               	bcf	int$flags,1,c	;clear compiler interrupt flag (level 2)
    91  00015E  0100               	movlb	0
    92  000160  EF7C  F000         	goto	_main	;jump to C main() function
    93                           
    94                           	psect	bssCOMRAM
    95  000006                     __pbssCOMRAM:
    96                           	callstack 0
    97  000006                     _contador:
    98                           	callstack 0
    99  000006                     	ds	2
   100                           
   101                           	psect	cstackCOMRAM
   102  000001                     __pcstackCOMRAM:
   103                           	callstack 0
   104  000001                     ??_High_ISR:
   105                           
   106                           ; 1 bytes @ 0x0
   107  000001                     	ds	1
   108  000002                     atraso@i:
   109                           	callstack 0
   110                           
   111                           ; 2 bytes @ 0x1
   112  000002                     	ds	2
   113  000004                     atraso@j:
   114                           	callstack 0
   115                           
   116                           ; 2 bytes @ 0x3
   117  000004                     	ds	2
   118  000006                     
   119                           ; 1 bytes @ 0x5
   120 ;;
   121 ;;Main: autosize = 0, tempsize = 0, incstack = 0, save=0
   122 ;;
   123 ;; *************** function _main *****************
   124 ;; Defined at:
   125 ;;		line 14 in file "main.c"
   126 ;; Parameters:    Size  Location     Type
   127 ;;		None
   128 ;; Auto vars:     Size  Location     Type
   129 ;;		None
   130 ;; Return value:  Size  Location     Type
   131 ;;                  1    wreg      void 
   132 ;; Registers used:
   133 ;;		wreg, status,2, status,0, cstack
   134 ;; Tracked objects:
   135 ;;		On entry : 0/0
   136 ;;		On exit  : 0/0
   137 ;;		Unchanged: 0/0
   138 ;; Data sizes:     COMRAM   BANK0   BANK1   BANK2   BANK3   BANK4   BANK5   BANK6   BANK7
   139 ;;      Params:         0       0       0       0       0       0       0       0       0
   140 ;;      Locals:         0       0       0       0       0       0       0       0       0
   141 ;;      Temps:          0       0       0       0       0       0       0       0       0
   142 ;;      Totals:         0       0       0       0       0       0       0       0       0
   143 ;;Total ram usage:        0 bytes
   144 ;; Hardware stack levels required when called: 2
   145 ;; This function calls:
   146 ;;		_Timer1_start
   147 ;;		_Timer2_start
   148 ;;		_atraso
   149 ;; This function is called by:
   150 ;;		Startup code after reset
   151 ;; This function uses a non-reentrant model
   152 ;;
   153                           
   154                           	psect	text0
   155  0000F8                     __ptext0:
   156                           	callstack 0
   157  0000F8                     _main:
   158                           	callstack 29
   159  0000F8                     
   160                           ;main.c: 15:     OSCCON = 0x72;
   161  0000F8  0E72               	movlw	114
   162  0000FA  6ED3               	movwf	211,c	;volatile
   163  0000FC                     
   164                           ;main.c: 17:     TRISBbits.TRISB1 = 0;
   165  0000FC  9293               	bcf	147,1,c	;volatile
   166  0000FE                     
   167                           ;main.c: 18:     TRISBbits.TRISB2 = 0;
   168  0000FE  9493               	bcf	147,2,c	;volatile
   169  000100                     
   170                           ;main.c: 19:     TRISBbits.TRISB4 = 0;
   171  000100  9893               	bcf	147,4,c	;volatile
   172  000102                     
   173                           ;main.c: 21:     Timer1_start();
   174  000102  EC8F  F000         	call	_Timer1_start	;wreg free
   175  000106                     
   176                           ;main.c: 22:     Timer2_start();
   177  000106  ECA2  F000         	call	_Timer2_start	;wreg free
   178  00010A                     l787:
   179                           
   180                           ;main.c: 25:         LATBbits.LATB4 = 1;
   181  00010A  888A               	bsf	138,4,c	;volatile
   182  00010C                     
   183                           ;main.c: 26:         atraso();
   184  00010C  EC53  F000         	call	_atraso	;wreg free
   185  000110                     
   186                           ;main.c: 27:         LATBbits.LATB4 = 0;
   187  000110  988A               	bcf	138,4,c	;volatile
   188  000112                     
   189                           ;main.c: 28:         atraso();
   190  000112  EC53  F000         	call	_atraso	;wreg free
   191  000116  EF85  F000         	goto	l787
   192  00011A  EF07  F000         	goto	start
   193  00011E                     __end_of_main:
   194                           	callstack 0
   195                           
   196 ;; *************** function _atraso *****************
   197 ;; Defined at:
   198 ;;		line 75 in file "main.c"
   199 ;; Parameters:    Size  Location     Type
   200 ;;		None
   201 ;; Auto vars:     Size  Location     Type
   202 ;;  j               2    3[COMRAM] int 
   203 ;;  i               2    1[COMRAM] int 
   204 ;; Return value:  Size  Location     Type
   205 ;;                  1    wreg      void 
   206 ;; Registers used:
   207 ;;		wreg, status,2, status,0
   208 ;; Tracked objects:
   209 ;;		On entry : 0/0
   210 ;;		On exit  : 0/0
   211 ;;		Unchanged: 0/0
   212 ;; Data sizes:     COMRAM   BANK0   BANK1   BANK2   BANK3   BANK4   BANK5   BANK6   BANK7
   213 ;;      Params:         0       0       0       0       0       0       0       0       0
   214 ;;      Locals:         4       0       0       0       0       0       0       0       0
   215 ;;      Temps:          0       0       0       0       0       0       0       0       0
   216 ;;      Totals:         4       0       0       0       0       0       0       0       0
   217 ;;Total ram usage:        4 bytes
   218 ;; Hardware stack levels used: 1
   219 ;; Hardware stack levels required when called: 1
   220 ;; This function calls:
   221 ;;		Nothing
   222 ;; This function is called by:
   223 ;;		_main
   224 ;; This function uses a non-reentrant model
   225 ;;
   226                           
   227                           	psect	text1
   228  0000A6                     __ptext1:
   229                           	callstack 0
   230  0000A6                     _atraso:
   231                           	callstack 29
   232  0000A6                     
   233                           ;main.c: 76:     int i, j;;main.c: 77:     for(i = 0; i < 5000; i++) {
   234  0000A6  0E00               	movlw	0
   235  0000A8  6E03               	movwf	(atraso@i+1)^0,c
   236  0000AA  0E00               	movlw	0
   237  0000AC  6E02               	movwf	atraso@i^0,c
   238  0000AE                     l761:
   239                           
   240                           ;main.c: 78:         for(j = 0; j < 3; j++) {
   241  0000AE  0E00               	movlw	0
   242  0000B0  6E05               	movwf	(atraso@j+1)^0,c
   243  0000B2  0E00               	movlw	0
   244  0000B4  6E04               	movwf	atraso@j^0,c
   245  0000B6                     l767:
   246                           
   247                           ;main.c: 80:         }
   248  0000B6  4A04               	infsnz	atraso@j^0,f,c
   249  0000B8  2A05               	incf	(atraso@j+1)^0,f,c
   250  0000BA  BE05               	btfsc	(atraso@j+1)^0,7,c
   251  0000BC  EF69  F000         	goto	u31
   252  0000C0  5005               	movf	(atraso@j+1)^0,w,c
   253  0000C2  E109               	bnz	u30
   254  0000C4  0E03               	movlw	3
   255  0000C6  5C04               	subwf	atraso@j^0,w,c
   256  0000C8  A0D8               	btfss	status,0,c
   257  0000CA  EF69  F000         	goto	u31
   258  0000CE  EF6B  F000         	goto	u30
   259  0000D2                     u31:
   260  0000D2  EF5B  F000         	goto	l767
   261  0000D6                     u30:
   262  0000D6                     
   263                           ;main.c: 81:     }
   264  0000D6  4A02               	infsnz	atraso@i^0,f,c
   265  0000D8  2A03               	incf	(atraso@i+1)^0,f,c
   266  0000DA  BE03               	btfsc	(atraso@i+1)^0,7,c
   267  0000DC  EF79  F000         	goto	u41
   268  0000E0  0E88               	movlw	136
   269  0000E2  5C02               	subwf	atraso@i^0,w,c
   270  0000E4  0E13               	movlw	19
   271  0000E6  5803               	subwfb	(atraso@i+1)^0,w,c
   272  0000E8  A0D8               	btfss	status,0,c
   273  0000EA  EF79  F000         	goto	u41
   274  0000EE  EF7B  F000         	goto	u40
   275  0000F2                     u41:
   276  0000F2  EF57  F000         	goto	l761
   277  0000F6                     u40:
   278  0000F6  0012               	return		;funcret
   279  0000F8                     __end_of_atraso:
   280                           	callstack 0
   281                           
   282 ;; *************** function _Timer2_start *****************
   283 ;; Defined at:
   284 ;;		line 53 in file "main.c"
   285 ;; Parameters:    Size  Location     Type
   286 ;;		None
   287 ;; Auto vars:     Size  Location     Type
   288 ;;		None
   289 ;; Return value:  Size  Location     Type
   290 ;;                  1    wreg      void 
   291 ;; Registers used:
   292 ;;		wreg, status,2
   293 ;; Tracked objects:
   294 ;;		On entry : 0/0
   295 ;;		On exit  : 0/0
   296 ;;		Unchanged: 0/0
   297 ;; Data sizes:     COMRAM   BANK0   BANK1   BANK2   BANK3   BANK4   BANK5   BANK6   BANK7
   298 ;;      Params:         0       0       0       0       0       0       0       0       0
   299 ;;      Locals:         0       0       0       0       0       0       0       0       0
   300 ;;      Temps:          0       0       0       0       0       0       0       0       0
   301 ;;      Totals:         0       0       0       0       0       0       0       0       0
   302 ;;Total ram usage:        0 bytes
   303 ;; Hardware stack levels used: 1
   304 ;; Hardware stack levels required when called: 1
   305 ;; This function calls:
   306 ;;		Nothing
   307 ;; This function is called by:
   308 ;;		_main
   309 ;; This function uses a non-reentrant model
   310 ;;
   311                           
   312                           	psect	text2
   313  000144                     __ptext2:
   314                           	callstack 0
   315  000144                     _Timer2_start:
   316                           	callstack 29
   317  000144                     
   318                           ;main.c: 54:     T2CON = 0x04;
   319  000144  0E04               	movlw	4
   320  000146  6ECA               	movwf	202,c	;volatile
   321                           
   322                           ;main.c: 55:     PR2 = 124;
   323  000148  0E7C               	movlw	124
   324  00014A  6ECB               	movwf	203,c	;volatile
   325                           
   326                           ;main.c: 56:     TMR2 = 0x0000;
   327  00014C  0E00               	movlw	0
   328  00014E  6ECC               	movwf	204,c	;volatile
   329  000150                     
   330                           ;main.c: 57:     TMR2ON = 1;
   331  000150  84CA               	bsf	4042,2,c	;volatile
   332  000152                     
   333                           ;main.c: 58:     PIE1bits.TMR2IE = 1;
   334  000152  829D               	bsf	157,1,c	;volatile
   335  000154  0012               	return		;funcret
   336  000156                     __end_of_Timer2_start:
   337                           	callstack 0
   338                           
   339 ;; *************** function _Timer1_start *****************
   340 ;; Defined at:
   341 ;;		line 63 in file "main.c"
   342 ;; Parameters:    Size  Location     Type
   343 ;;		None
   344 ;; Auto vars:     Size  Location     Type
   345 ;;		None
   346 ;; Return value:  Size  Location     Type
   347 ;;                  1    wreg      void 
   348 ;; Registers used:
   349 ;;		wreg, status,2
   350 ;; Tracked objects:
   351 ;;		On entry : 0/0
   352 ;;		On exit  : 0/0
   353 ;;		Unchanged: 0/0
   354 ;; Data sizes:     COMRAM   BANK0   BANK1   BANK2   BANK3   BANK4   BANK5   BANK6   BANK7
   355 ;;      Params:         0       0       0       0       0       0       0       0       0
   356 ;;      Locals:         0       0       0       0       0       0       0       0       0
   357 ;;      Temps:          0       0       0       0       0       0       0       0       0
   358 ;;      Totals:         0       0       0       0       0       0       0       0       0
   359 ;;Total ram usage:        0 bytes
   360 ;; Hardware stack levels used: 1
   361 ;; Hardware stack levels required when called: 1
   362 ;; This function calls:
   363 ;;		Nothing
   364 ;; This function is called by:
   365 ;;		_main
   366 ;; This function uses a non-reentrant model
   367 ;;
   368                           
   369                           	psect	text3
   370  00011E                     __ptext3:
   371                           	callstack 0
   372  00011E                     _Timer1_start:
   373                           	callstack 29
   374  00011E                     
   375                           ;main.c: 64:     GIE = 1;
   376  00011E  8EF2               	bsf	4082,7,c	;volatile
   377                           
   378                           ;main.c: 65:     PEIE = 1;
   379  000120  8CF2               	bsf	4082,6,c	;volatile
   380                           
   381                           ;main.c: 66:     TMR1IE = 1;
   382  000122  809D               	bsf	3997,0,c	;volatile
   383                           
   384                           ;main.c: 67:     TMR1IF = 0;
   385  000124  909E               	bcf	3998,0,c	;volatile
   386  000126                     
   387                           ;main.c: 68:     T1CON = 0x80;
   388  000126  0E80               	movlw	128
   389  000128  6ECD               	movwf	205,c	;volatile
   390                           
   391                           ;main.c: 69:     TMR1 =
   392  00012A  80CD               	bsf	4045,0,c	;volatile
   393  00012C  B0CD               	btfsc	4045,0,c	;volatile
   394  00012E  EF9B  F000         	goto	u11
   395  000132  EF9E  F000         	goto	u10
   396  000136                     u11:
   397  000136  0E01               	movlw	1
   398  000138  EF9F  F000         	goto	u20
   399  00013C                     u10:
   400  00013C  0E00               	movlw	0
   401  00013E                     u20:
   402  00013E  6ECE               	movwf	206,c	;volatile
   403  000140  6ACF               	clrf	207,c	;volatile
   404  000142  0012               	return		;funcret
   405  000144                     __end_of_Timer1_start:
   406                           	callstack 0
   407                           
   408 ;; *************** function _High_ISR *****************
   409 ;; Defined at:
   410 ;;		line 33 in file "main.c"
   411 ;; Parameters:    Size  Location     Type
   412 ;;		None
   413 ;; Auto vars:     Size  Location     Type
   414 ;;		None
   415 ;; Return value:  Size  Location     Type
   416 ;;                  1    wreg      void 
   417 ;; Registers used:
   418 ;;		wreg, status,2, status,0
   419 ;; Tracked objects:
   420 ;;		On entry : 0/0
   421 ;;		On exit  : 0/0
   422 ;;		Unchanged: 0/0
   423 ;; Data sizes:     COMRAM   BANK0   BANK1   BANK2   BANK3   BANK4   BANK5   BANK6   BANK7
   424 ;;      Params:         0       0       0       0       0       0       0       0       0
   425 ;;      Locals:         0       0       0       0       0       0       0       0       0
   426 ;;      Temps:          1       0       0       0       0       0       0       0       0
   427 ;;      Totals:         1       0       0       0       0       0       0       0       0
   428 ;;Total ram usage:        1 bytes
   429 ;; Hardware stack levels used: 1
   430 ;; This function calls:
   431 ;;		Nothing
   432 ;; This function is called by:
   433 ;;		Interrupt level 2
   434 ;; This function uses a non-reentrant model
   435 ;;
   436                           
   437                           	psect	intcode
   438  000008                     __pintcode:
   439                           	callstack 0
   440  000008                     _High_ISR:
   441                           	callstack 29
   442                           
   443                           ;incstack = 0
   444  000008  8208               	bsf	int$flags,1,c	;set compiler interrupt flag (level 2)
   445  00000A  ED09  F000         	call	int_func,f	;refresh shadow registers
   446                           
   447                           	psect	intcode_body
   448  000012                     __pintcode_body:
   449                           	callstack 29
   450  000012                     int_func:
   451                           	callstack 29
   452  000012  0006               	pop		; remove dummy address from shadow register refresh
   453  000014                     
   454                           ;main.c: 34:     if (PIR1bits.TMR1IF) {
   455  000014  A09E               	btfss	158,0,c	;volatile
   456  000016  EF0F  F000         	goto	i2u5_41
   457  00001A  EF11  F000         	goto	i2u5_40
   458  00001E                     i2u5_41:
   459  00001E  EF49  F000         	goto	i2l811
   460  000022                     i2u5_40:
   461  000022                     
   462                           ;main.c: 35:         TMR1 = 0x0000;
   463  000022  0E00               	movlw	0
   464  000024  6ECF               	movwf	207,c	;volatile
   465  000026  0E00               	movlw	0
   466  000028  6ECE               	movwf	206,c	;volatile
   467  00002A                     
   468                           ;main.c: 36:         if(contador == 31) {
   469  00002A  0E1F               	movlw	31
   470  00002C  1806               	xorwf	_contador^0,w,c
   471  00002E  1007               	iorwf	(_contador+1)^0,w,c
   472  000030  A4D8               	btfss	status,2,c
   473  000032  EF1D  F000         	goto	i2u6_41
   474  000036  EF1F  F000         	goto	i2u6_40
   475  00003A                     i2u6_41:
   476  00003A  EF46  F000         	goto	i2l807
   477  00003E                     i2u6_40:
   478  00003E                     
   479                           ;main.c: 37:             contador = 0;
   480  00003E  0E00               	movlw	0
   481  000040  6E07               	movwf	(_contador+1)^0,c
   482  000042  0E00               	movlw	0
   483  000044  6E06               	movwf	_contador^0,c
   484  000046                     
   485                           ;main.c: 38:             LATBbits.LATB1 = ~LATBbits.LATB1;
   486  000046  B28A               	btfsc	138,1,c	;volatile
   487  000048  EF28  F000         	goto	i2u7_41
   488  00004C  EF2B  F000         	goto	i2u7_40
   489  000050                     i2u7_41:
   490  000050  0E01               	movlw	1
   491  000052  EF2C  F000         	goto	i2u7_46
   492  000056                     i2u7_40:
   493  000056  0E00               	movlw	0
   494  000058                     i2u7_46:
   495  000058  0AFF               	xorlw	255
   496  00005A  6E01               	movwf	??_High_ISR^0,c
   497  00005C  4601               	rlncf	??_High_ISR^0,f,c
   498  00005E  508A               	movf	138,w,c	;volatile
   499  000060  1801               	xorwf	??_High_ISR^0,w,c
   500  000062  0BFD               	andlw	-3
   501  000064  1801               	xorwf	??_High_ISR^0,w,c
   502  000066  6E8A               	movwf	138,c	;volatile
   503  000068                     
   504                           ;main.c: 39:             LATBbits.LATB2 = ~LATBbits.LATB2;
   505  000068  B48A               	btfsc	138,2,c	;volatile
   506  00006A  EF39  F000         	goto	i2u8_41
   507  00006E  EF3C  F000         	goto	i2u8_40
   508  000072                     i2u8_41:
   509  000072  0E01               	movlw	1
   510  000074  EF3D  F000         	goto	i2u8_46
   511  000078                     i2u8_40:
   512  000078  0E00               	movlw	0
   513  00007A                     i2u8_46:
   514  00007A  0AFF               	xorlw	255
   515  00007C  6E01               	movwf	??_High_ISR^0,c
   516  00007E  4601               	rlncf	??_High_ISR^0,f,c
   517  000080  4601               	rlncf	??_High_ISR^0,f,c
   518  000082  508A               	movf	138,w,c	;volatile
   519  000084  1801               	xorwf	??_High_ISR^0,w,c
   520  000086  0BFB               	andlw	-5
   521  000088  1801               	xorwf	??_High_ISR^0,w,c
   522  00008A  6E8A               	movwf	138,c	;volatile
   523  00008C                     i2l807:
   524                           
   525                           ;main.c: 41:         contador++;
   526  00008C  4A06               	infsnz	_contador^0,f,c
   527  00008E  2A07               	incf	(_contador+1)^0,f,c
   528  000090                     
   529                           ;main.c: 42:         PIR1bits.TMR1IF = 0;
   530  000090  909E               	bcf	158,0,c	;volatile
   531  000092                     i2l811:
   532                           
   533                           ;main.c: 45:     if (PIR1bits.TMR2IF) {
   534  000092  A29E               	btfss	158,1,c	;volatile
   535  000094  EF4E  F000         	goto	i2u9_41
   536  000098  EF50  F000         	goto	i2u9_40
   537  00009C                     i2u9_41:
   538  00009C  EF51  F000         	goto	i2l56
   539  0000A0                     i2u9_40:
   540  0000A0                     
   541                           ;main.c: 47:         PIR1bits.TMR2IF = 0;
   542  0000A0  929E               	bcf	158,1,c	;volatile
   543  0000A2                     i2l56:
   544  0000A2  9208               	bcf	int$flags,1,c	;clear compiler interrupt flag (level 2)
   545  0000A4  0011               	retfie		f
   546  0000A6                     __end_of_High_ISR:
   547                           	callstack 0
   548  0000                     
   549                           	psect	rparam
   550  0000                     
   551                           	psect	temp
   552  000008                     btemp:
   553                           	callstack 0
   554  000008                     	ds	1
   555  0000                     int$flags	set	btemp
   556  0000                     wtemp8	set	btemp+1
   557  0000                     ttemp5	set	btemp+1
   558  0000                     ttemp6	set	btemp+4
   559  0000                     ttemp7	set	btemp+8
   560                           
   561                           	psect	idloc
   562                           
   563                           ;Config register IDLOC0 @ 0x200000
   564                           ;	unspecified, using default values
   565  200000                     	org	2097152
   566  200000  FF                 	db	255
   567                           
   568                           ;Config register IDLOC1 @ 0x200001
   569                           ;	unspecified, using default values
   570  200001                     	org	2097153
   571  200001  FF                 	db	255
   572                           
   573                           ;Config register IDLOC2 @ 0x200002
   574                           ;	unspecified, using default values
   575  200002                     	org	2097154
   576  200002  FF                 	db	255
   577                           
   578                           ;Config register IDLOC3 @ 0x200003
   579                           ;	unspecified, using default values
   580  200003                     	org	2097155
   581  200003  FF                 	db	255
   582                           
   583                           ;Config register IDLOC4 @ 0x200004
   584                           ;	unspecified, using default values
   585  200004                     	org	2097156
   586  200004  FF                 	db	255
   587                           
   588                           ;Config register IDLOC5 @ 0x200005
   589                           ;	unspecified, using default values
   590  200005                     	org	2097157
   591  200005  FF                 	db	255
   592                           
   593                           ;Config register IDLOC6 @ 0x200006
   594                           ;	unspecified, using default values
   595  200006                     	org	2097158
   596  200006  FF                 	db	255
   597                           
   598                           ;Config register IDLOC7 @ 0x200007
   599                           ;	unspecified, using default values
   600  200007                     	org	2097159
   601  200007  FF                 	db	255
   602                           
   603                           	psect	config
   604                           
   605                           ;Config register CONFIG1L @ 0x300000
   606                           ;	unspecified, using default values
   607                           ;	PLL Prescaler Selection bits
   608                           ;	PLLDIV = 0x0, unprogrammed default
   609                           ;	System Clock Postscaler Selection bits
   610                           ;	CPUDIV = 0x0, unprogrammed default
   611                           ;	USB Clock Selection bit (used in Full-Speed USB mode only; UCFG:FSEN = 1)
   612                           ;	USBDIV = 0x0, unprogrammed default
   613  300000                     	org	3145728
   614  300000  00                 	db	0
   615                           
   616                           ;Config register CONFIG1H @ 0x300001
   617                           ;	unspecified, using default values
   618                           ;	Oscillator Selection bits
   619                           ;	FOSC = 0x5, unprogrammed default
   620                           ;	Fail-Safe Clock Monitor Enable bit
   621                           ;	FCMEN = 0x0, unprogrammed default
   622                           ;	Internal/External Oscillator Switchover bit
   623                           ;	IESO = 0x0, unprogrammed default
   624  300001                     	org	3145729
   625  300001  05                 	db	5
   626                           
   627                           ;Config register CONFIG2L @ 0x300002
   628                           ;	unspecified, using default values
   629                           ;	Power-up Timer Enable bit
   630                           ;	PWRT = 0x1, unprogrammed default
   631                           ;	Brown-out Reset Enable bits
   632                           ;	BOR = 0x3, unprogrammed default
   633                           ;	Brown-out Reset Voltage bits
   634                           ;	BORV = 0x3, unprogrammed default
   635                           ;	USB Voltage Regulator Enable bit
   636                           ;	VREGEN = 0x0, unprogrammed default
   637  300002                     	org	3145730
   638  300002  1F                 	db	31
   639                           
   640                           ;Config register CONFIG2H @ 0x300003
   641                           ;	unspecified, using default values
   642                           ;	Watchdog Timer Enable bit
   643                           ;	WDT = 0x1, unprogrammed default
   644                           ;	Watchdog Timer Postscale Select bits
   645                           ;	WDTPS = 0xF, unprogrammed default
   646  300003                     	org	3145731
   647  300003  1F                 	db	31
   648                           
   649                           ; Padding undefined space
   650  300004                     	org	3145732
   651  300004  FF                 	db	255
   652                           
   653                           ;Config register CONFIG3H @ 0x300005
   654                           ;	unspecified, using default values
   655                           ;	CCP2 MUX bit
   656                           ;	CCP2MX = 0x1, unprogrammed default
   657                           ;	PORTB A/D Enable bit
   658                           ;	PBADEN = 0x1, unprogrammed default
   659                           ;	Low-Power Timer 1 Oscillator Enable bit
   660                           ;	LPT1OSC = 0x0, unprogrammed default
   661                           ;	MCLR Pin Enable bit
   662                           ;	MCLRE = 0x1, unprogrammed default
   663  300005                     	org	3145733
   664  300005  83                 	db	131
   665                           
   666                           ;Config register CONFIG4L @ 0x300006
   667                           ;	unspecified, using default values
   668                           ;	Stack Full/Underflow Reset Enable bit
   669                           ;	STVREN = 0x1, unprogrammed default
   670                           ;	Single-Supply ICSP Enable bit
   671                           ;	LVP = 0x1, unprogrammed default
   672                           ;	Dedicated In-Circuit Debug/Programming Port (ICPORT) Enable bit
   673                           ;	ICPRT = 0x0, unprogrammed default
   674                           ;	Extended Instruction Set Enable bit
   675                           ;	XINST = 0x0, unprogrammed default
   676                           ;	Background Debugger Enable bit
   677                           ;	DEBUG = 0x1, unprogrammed default
   678  300006                     	org	3145734
   679  300006  85                 	db	133
   680                           
   681                           ; Padding undefined space
   682  300007                     	org	3145735
   683  300007  FF                 	db	255
   684                           
   685                           ;Config register CONFIG5L @ 0x300008
   686                           ;	unspecified, using default values
   687                           ;	Code Protection bit
   688                           ;	CP0 = 0x1, unprogrammed default
   689                           ;	Code Protection bit
   690                           ;	CP1 = 0x1, unprogrammed default
   691                           ;	Code Protection bit
   692                           ;	CP2 = 0x1, unprogrammed default
   693                           ;	Code Protection bit
   694                           ;	CP3 = 0x1, unprogrammed default
   695  300008                     	org	3145736
   696  300008  0F                 	db	15
   697                           
   698                           ;Config register CONFIG5H @ 0x300009
   699                           ;	unspecified, using default values
   700                           ;	Boot Block Code Protection bit
   701                           ;	CPB = 0x1, unprogrammed default
   702                           ;	Data EEPROM Code Protection bit
   703                           ;	CPD = 0x1, unprogrammed default
   704  300009                     	org	3145737
   705  300009  C0                 	db	192
   706                           
   707                           ;Config register CONFIG6L @ 0x30000A
   708                           ;	unspecified, using default values
   709                           ;	Write Protection bit
   710                           ;	WRT0 = 0x1, unprogrammed default
   711                           ;	Write Protection bit
   712                           ;	WRT1 = 0x1, unprogrammed default
   713                           ;	Write Protection bit
   714                           ;	WRT2 = 0x1, unprogrammed default
   715                           ;	Write Protection bit
   716                           ;	WRT3 = 0x1, unprogrammed default
   717  30000A                     	org	3145738
   718  30000A  0F                 	db	15
   719                           
   720                           ;Config register CONFIG6H @ 0x30000B
   721                           ;	unspecified, using default values
   722                           ;	Configuration Register Write Protection bit
   723                           ;	WRTC = 0x1, unprogrammed default
   724                           ;	Boot Block Write Protection bit
   725                           ;	WRTB = 0x1, unprogrammed default
   726                           ;	Data EEPROM Write Protection bit
   727                           ;	WRTD = 0x1, unprogrammed default
   728  30000B                     	org	3145739
   729  30000B  E0                 	db	224
   730                           
   731                           ;Config register CONFIG7L @ 0x30000C
   732                           ;	unspecified, using default values
   733                           ;	Table Read Protection bit
   734                           ;	EBTR0 = 0x1, unprogrammed default
   735                           ;	Table Read Protection bit
   736                           ;	EBTR1 = 0x1, unprogrammed default
   737                           ;	Table Read Protection bit
   738                           ;	EBTR2 = 0x1, unprogrammed default
   739                           ;	Table Read Protection bit
   740                           ;	EBTR3 = 0x1, unprogrammed default
   741  30000C                     	org	3145740
   742  30000C  0F                 	db	15
   743                           
   744                           ;Config register CONFIG7H @ 0x30000D
   745                           ;	unspecified, using default values
   746                           ;	Boot Block Table Read Protection bit
   747                           ;	EBTRB = 0x1, unprogrammed default
   748  30000D                     	org	3145741
   749  30000D  40                 	db	64
   750                           tosu	equ	0xFFF
   751                           tosh	equ	0xFFE
   752                           tosl	equ	0xFFD
   753                           stkptr	equ	0xFFC
   754                           pclatu	equ	0xFFB
   755                           pclath	equ	0xFFA
   756                           pcl	equ	0xFF9
   757                           tblptru	equ	0xFF8
   758                           tblptrh	equ	0xFF7
   759                           tblptrl	equ	0xFF6
   760                           tablat	equ	0xFF5
   761                           prodh	equ	0xFF4
   762                           prodl	equ	0xFF3
   763                           indf0	equ	0xFEF
   764                           postinc0	equ	0xFEE
   765                           postdec0	equ	0xFED
   766                           preinc0	equ	0xFEC
   767                           plusw0	equ	0xFEB
   768                           fsr0h	equ	0xFEA
   769                           fsr0l	equ	0xFE9
   770                           wreg	equ	0xFE8
   771                           indf1	equ	0xFE7
   772                           postinc1	equ	0xFE6
   773                           postdec1	equ	0xFE5
   774                           preinc1	equ	0xFE4
   775                           plusw1	equ	0xFE3
   776                           fsr1h	equ	0xFE2
   777                           fsr1l	equ	0xFE1
   778                           bsr	equ	0xFE0
   779                           indf2	equ	0xFDF
   780                           postinc2	equ	0xFDE
   781                           postdec2	equ	0xFDD
   782                           preinc2	equ	0xFDC
   783                           plusw2	equ	0xFDB
   784                           fsr2h	equ	0xFDA
   785                           fsr2l	equ	0xFD9
   786                           status	equ	0xFD8

Data Sizes:
    Strings     0
    Constant    0
    Data        0
    BSS         2
    Persistent  0
    Stack       0

Auto Spaces:
    Space          Size  Autos    Used
    COMRAM           94      5       7
    BANK0           160      0       0
    BANK1           256      0       0
    BANK2           256      0       0
    BANK3           256      0       0
    BANK4           256      0       0
    BANK5           256      0       0
    BANK6           256      0       0
    BANK7           256      0       0

Pointer List with Targets:

    None.

Critical Paths under _main in COMRAM

    _main->_atraso

Critical Paths under _High_ISR in COMRAM

    None.

Critical Paths under _main in BANK0

    None.

Critical Paths under _High_ISR in BANK0

    None.

Critical Paths under _main in BANK1

    None.

Critical Paths under _High_ISR in BANK1

    None.

Critical Paths under _main in BANK2

    None.

Critical Paths under _High_ISR in BANK2

    None.

Critical Paths under _main in BANK3

    None.

Critical Paths under _High_ISR in BANK3

    None.

Critical Paths under _main in BANK4

    None.

Critical Paths under _High_ISR in BANK4

    None.

Critical Paths under _main in BANK5

    None.

Critical Paths under _High_ISR in BANK5

    None.

Critical Paths under _main in BANK6

    None.

Critical Paths under _High_ISR in BANK6

    None.

Critical Paths under _main in BANK7

    None.

Critical Paths under _High_ISR in BANK7

    None.

Call Graph Tables:

 ---------------------------------------------------------------------------------
 (Depth) Function   	        Calls       Base Space   Used Autos Params    Refs
 ---------------------------------------------------------------------------------
 (0) _main                                                 0     0      0      60
                       _Timer1_start
                       _Timer2_start
                             _atraso
 ---------------------------------------------------------------------------------
 (1) _atraso                                               4     4      0      60
                                              1 COMRAM     4     4      0
 ---------------------------------------------------------------------------------
 (1) _Timer2_start                                         0     0      0       0
 ---------------------------------------------------------------------------------
 (1) _Timer1_start                                         0     0      0       0
 ---------------------------------------------------------------------------------
 Estimated maximum stack depth 1
 ---------------------------------------------------------------------------------
 (Depth) Function   	        Calls       Base Space   Used Autos Params    Refs
 ---------------------------------------------------------------------------------
 (2) _High_ISR                                             1     1      0       0
                                              0 COMRAM     1     1      0
 ---------------------------------------------------------------------------------
 Estimated maximum stack depth 2
 ---------------------------------------------------------------------------------

 Call Graph Graphs:

 _main (ROOT)
   _Timer1_start
   _Timer2_start
   _atraso

 _High_ISR (ROOT)

 Address spaces:
Name               Size   Autos  Total    Cost      Usage
BIGRAM             7FF      0       0      28        0.0%
EEDATA             100      0       0       0        0.0%
BITBANK7           100      0       0      18        0.0%
BANK7              100      0       0      19        0.0%
BITBANK6           100      0       0      16        0.0%
BANK6              100      0       0      17        0.0%
BITBANK5           100      0       0      14        0.0%
BANK5              100      0       0      15        0.0%
BITBANK4           100      0       0      12        0.0%
BANK4              100      0       0      13        0.0%
BITBANK3           100      0       0      10        0.0%
BANK3              100      0       0      11        0.0%
BITBANK2           100      0       0       8        0.0%
BANK2              100      0       0       9        0.0%
BITBANK1           100      0       0       6        0.0%
BANK1              100      0       0       7        0.0%
BITBANK0            A0      0       0       4        0.0%
BANK0               A0      0       0       5        0.0%
BITCOMRAM           5E      0       0       0        0.0%
COMRAM              5E      5       7       1        7.4%
BITBIGSFRlhhll      2B      0       0      23        0.0%
BITBIGSFRlll        2A      0       0      26        0.0%
BITBIGSFRhl         1E      0       0      21        0.0%
BITBIGSFRhh          D      0       0      20        0.0%
BITBIGSFRlhl         9      0       0      24        0.0%
BITBIGSFRllh         8      0       0      25        0.0%
BITBIGSFRlhhh        3      0       0      22        0.0%
BIGSFR               0      0       0     200        0.0%
BITSFR               0      0       0     200        0.0%
SFR                  0      0       0     200        0.0%
STACK                0      0       0       2        0.0%
NULL                 0      0       0       0        0.0%
ABS                  0      0       7      27        0.0%
DATA                 0      0       7       3        0.0%
CODE                 0      0       0       0        0.0%


Microchip Technology PIC18 Macro Assembler V2.36 build 20220127204148 
Symbol Table                                                                                   Fri Sep 20 12:07:55 2024

                     l62 0142                       l59 0154                       l69 00F6  
                     u10 013C                       u11 0136                       u20 013E  
                     u30 00D6                       u31 00D2                       u40 00F6  
                     u41 00F2                      l751 0150                      l745 011E  
                    l753 0152                      l761 00AE                      l747 0126  
                    l771 00D6                      l755 00A6                      l749 0144  
                    l773 00DA                      l781 0100                      l767 00B6  
                    l791 0110                      l783 0102                      l775 00F8  
                    l769 00BA                      l793 0112                      l785 0106  
                    l777 00FC                      l787 010A                      l779 00FE  
                    l789 010C                      _GIE 007F97                      _PR2 000FCB  
                   _PEIE 007F96                     i2l56 00A2                     _TMR1 000FCE  
                   _TMR2 000FCC                     _main 00F8                     btemp 0008  
                   start 000E             ___param_bank 000000                    ?_main 0001  
                  _T1CON 000FCD                    _T2CON 000FCA                    i2l801 003E  
                  i2l803 0046                    i2l811 0092                    i2l813 00A0  
                  i2l805 0068                    i2l807 008C                    i2l809 0090  
                  i2l795 0014                    i2l797 0022                    i2l799 002A  
                  ttemp5 0009                    ttemp6 000C                    ttemp7 0010  
                  status 000FD8                    wtemp8 0009         __end_of_High_ISR 00A6  
        __initialization 0156             __end_of_main 011E                   ??_main 0006  
          __activetblptr 000000                   _OSCCON 000FD3                   _TMR1IE 007CE8  
                 _TMR1IF 007CF0                   _TMR1ON 007E68                   _TMR2ON 007E52  
                 i2u5_40 0022                   i2u5_41 001E                   i2u6_40 003E  
                 i2u6_41 003A                   i2u7_40 0056                   i2u7_41 0050  
                 i2u7_46 0058                   i2u8_40 0078                   i2u8_41 0072  
                 i2u8_46 007A                   i2u9_40 00A0                   i2u9_41 009C  
                 _atraso 00A6                   isa$std 000001               __accesstop 0060  
__end_of__initialization 015A            ___rparam_used 000001           __pcstackCOMRAM 0001  
              ?_High_ISR 0001            ?_Timer1_start 0001            ?_Timer2_start 0001  
                ?_atraso 0001               ??_High_ISR 0001                  __Hparam 0000  
                __Lparam 0000           ??_Timer1_start 0002           ??_Timer2_start 0002  
                __pcinit 0156                  __ramtop 0800                  __ptext0 00F8  
                __ptext1 00A6                  __ptext2 0144                  __ptext3 011E  
                atraso@i 0002                  atraso@j 0004           __pintcode_body 0012  
   end_of_initialization 015A                  int_func 0012                _TRISBbits 000F93  
         __end_of_atraso 00F8      start_initialization 0156     __end_of_Timer1_start 0144  
   __end_of_Timer2_start 0156                 ??_atraso 0002              __pbssCOMRAM 0006  
              __pintcode 0008                 _LATBbits 000F8A                 _PIE1bits 000F9D  
               _PIR1bits 000F9E                 _High_ISR 0008                 __Hrparam 0000  
               __Lrparam 0000             _Timer1_start 011E             _Timer2_start 0144  
               _contador 0006                 isa$xinst 000000                 int$flags 0008  
               intlevel2 0000  
